<?xml version="1.0" encoding="UTF-8"?>
<!-- Generated by org.testng.reporters.JUnitXMLReporter -->
<testsuite ignored="0" hostname="LAPTOP-I0FL3MSP" failures="0" tests="10" name="Default test" time="56.637" errors="0" timestamp="2026-05-08T16:47:12 IST">
  <testcase classname="tests.LoginTest" name="verifyLogoutFunctionality" time="4.386"/>
  <testcase classname="tests.LoginTest" name="verifyLogoutFunctionality" time="4.172"/>
  <testcase classname="tests.LoginTest" name="verifyLogoutFunctionality" time="4.353"/>
  <testcase classname="tests.LoginTest" name="verifyLogoutFunctionality" time="4.299"/>
  <testcase classname="tests.LoginTest" name="verifyLogoutFunctionality" time="3.956"/>
  <testcase classname="tests.LoginTest" name="verifyLogoutFunctionality" time="4.166"/>
  <testcase classname="tests.LoginTest" name="verifyLogoutFunctionality" time="4.178"/>
  <testcase classname="tests.LoginTest" name="verifyLogoutFunctionality" time="3.925"/>
  <testcase classname="tests.LoginTest" name="verifyLogoutFunctionality" time="4.223"/>
  <testcase classname="tests.LoginTest" name="verifyLogoutFunctionality" time="3.946"/>
</testsuite> <!-- Default test -->
