<?xml version="1.0" encoding="UTF-8"?>
<!-- Generated by org.testng.reporters.JUnitXMLReporter -->
<testsuite ignored="0" hostname="LAPTOP-I0FL3MSP" failures="0" tests="10" name="Default test" time="48.094" errors="0" timestamp="2026-05-08T16:00:46 IST">
  <testcase classname="tests.LoginTest" name="verifySuccessfullLogin" time="3.257"/>
  <testcase classname="tests.LoginTest" name="verifySuccessfullLogin" time="3.231"/>
  <testcase classname="tests.LoginTest" name="verifySuccessfullLogin" time="3.371"/>
  <testcase classname="tests.LoginTest" name="verifySuccessfullLogin" time="3.197"/>
  <testcase classname="tests.LoginTest" name="verifySuccessfullLogin" time="3.16"/>
  <testcase classname="tests.LoginTest" name="verifySuccessfullLogin" time="3.101"/>
  <testcase classname="tests.LoginTest" name="verifySuccessfullLogin" time="3.117"/>
  <testcase classname="tests.LoginTest" name="verifySuccessfullLogin" time="3.136"/>
  <testcase classname="tests.LoginTest" name="verifySuccessfullLogin" time="3.269"/>
  <testcase classname="tests.LoginTest" name="verifySuccessfullLogin" time="3.084"/>
</testsuite> <!-- Default test -->
