<?xml version="1.0" encoding="UTF-8"?>
<testng-results ignored="0" total="2" passed="2" failed="0" skipped="0">
  <reporter-output>
  </reporter-output>
  <suite started-at="2026-05-08T14:24:04 IST" name="Default suite" finished-at="2026-05-08T14:24:21 IST" duration-ms="17322">
    <groups>
    </groups>
    <test started-at="2026-05-08T14:24:04 IST" name="Default test" finished-at="2026-05-08T14:24:21 IST" duration-ms="17322">
      <class name="tests.RegistrationTest">
        <test-method is-config="true" signature="initialize()[pri:0, instance:tests.RegistrationTest@7f3b84b8]" started-at="2026-05-08T14:24:04 IST" name="initialize" finished-at="2026-05-08T14:24:06 IST" duration-ms="1519" status="PASS">
          <reporter-output>
          </reporter-output>
        </test-method> <!-- initialize -->
        <test-method is-config="true" signature="initializeClass()[pri:0, instance:tests.RegistrationTest@7f3b84b8]" started-at="2026-05-08T14:24:06 IST" name="initializeClass" finished-at="2026-05-08T14:24:06 IST" duration-ms="55" status="PASS">
          <reporter-output>
          </reporter-output>
        </test-method> <!-- initializeClass -->
        <test-method signature="verifyDuplicateEmail()[pri:0, instance:tests.RegistrationTest@7f3b84b8]" started-at="2026-05-08T14:24:06 IST" name="verifyDuplicateEmail" description="TC_RG_002: Register Duplicate Email" finished-at="2026-05-08T14:24:15 IST" duration-ms="9569" status="PASS">
          <reporter-output>
          </reporter-output>
        </test-method> <!-- verifyDuplicateEmail -->
        <test-method is-config="true" signature="tearDown()[pri:0, instance:tests.RegistrationTest@7f3b84b8]" started-at="2026-05-08T14:24:15 IST" name="tearDown" finished-at="2026-05-08T14:24:15 IST" duration-ms="171" status="PASS">
          <reporter-output>
          </reporter-output>
        </test-method> <!-- tearDown -->
        <test-method is-config="true" signature="initialize()[pri:0, instance:tests.RegistrationTest@7f3b84b8]" started-at="2026-05-08T14:24:15 IST" name="initialize" finished-at="2026-05-08T14:24:17 IST" duration-ms="1233" status="PASS">
          <reporter-output>
          </reporter-output>
        </test-method> <!-- initialize -->
        <test-method is-config="true" signature="initializeClass()[pri:0, instance:tests.RegistrationTest@7f3b84b8]" started-at="2026-05-08T14:24:17 IST" name="initializeClass" finished-at="2026-05-08T14:24:17 IST" duration-ms="1" status="PASS">
          <reporter-output>
          </reporter-output>
        </test-method> <!-- initializeClass -->
        <test-method signature="verifySuccessfullRegistration()[pri:0, instance:tests.RegistrationTest@7f3b84b8]" started-at="2026-05-08T14:24:17 IST" name="verifySuccessfullRegistration" description="TC_RG_001: Register Valid Account" finished-at="2026-05-08T14:24:21 IST" duration-ms="4590" status="PASS">
          <reporter-output>
          </reporter-output>
        </test-method> <!-- verifySuccessfullRegistration -->
        <test-method is-config="true" signature="tearDown()[pri:0, instance:tests.RegistrationTest@7f3b84b8]" started-at="2026-05-08T14:24:21 IST" name="tearDown" finished-at="2026-05-08T14:24:21 IST" duration-ms="153" status="PASS">
          <reporter-output>
          </reporter-output>
        </test-method> <!-- tearDown -->
      </class> <!-- tests.RegistrationTest -->
    </test> <!-- Default test -->
  </suite> <!-- Default suite -->
</testng-results>
