<?xml version="1.0" encoding="UTF-8"?>
<testng-results ignored="0" total="10" passed="10" failed="0" skipped="0">
  <reporter-output>
  </reporter-output>
  <suite started-at="2026-05-08T15:59:58 IST" name="Default suite" finished-at="2026-05-08T16:00:46 IST" duration-ms="48094">
    <groups>
    </groups>
    <test started-at="2026-05-08T15:59:58 IST" name="Default test" finished-at="2026-05-08T16:00:46 IST" duration-ms="48094">
      <class name="tests.LoginTest">
        <test-method is-config="true" signature="initialize()[pri:0, instance:tests.LoginTest@77847718]" started-at="2026-05-08T15:59:58 IST" name="initialize" finished-at="2026-05-08T16:00:00 IST" duration-ms="1644" status="PASS">
          <reporter-output>
          </reporter-output>
        </test-method> <!-- initialize -->
        <test-method is-config="true" signature="initializeClass()[pri:0, instance:tests.LoginTest@77847718]" started-at="2026-05-08T16:00:00 IST" name="initializeClass" finished-at="2026-05-08T16:00:00 IST" duration-ms="28" status="PASS">
          <reporter-output>
          </reporter-output>
        </test-method> <!-- initializeClass -->
        <test-method signature="verifySuccessfullLogin()[pri:0, instance:tests.LoginTest@77847718]" started-at="2026-05-08T16:00:00 IST" name="verifySuccessfullLogin" description="TC-LG-001: Login Valid Credentials" finished-at="2026-05-08T16:00:03 IST" duration-ms="3257" status="PASS">
          <reporter-output>
          </reporter-output>
        </test-method> <!-- verifySuccessfullLogin -->
        <test-method is-config="true" signature="tearDown()[pri:0, instance:tests.LoginTest@77847718]" started-at="2026-05-08T16:00:03 IST" name="tearDown" finished-at="2026-05-08T16:00:05 IST" duration-ms="1734" status="PASS">
          <reporter-output>
          </reporter-output>
        </test-method> <!-- tearDown -->
        <test-method is-config="true" signature="initialize()[pri:0, instance:tests.LoginTest@77847718]" started-at="2026-05-08T16:00:05 IST" name="initialize" finished-at="2026-05-08T16:00:06 IST" duration-ms="1293" status="PASS">
          <reporter-output>
          </reporter-output>
        </test-method> <!-- initialize -->
        <test-method is-config="true" signature="initializeClass()[pri:0, instance:tests.LoginTest@77847718]" started-at="2026-05-08T16:00:06 IST" name="initializeClass" finished-at="2026-05-08T16:00:06 IST" duration-ms="1" status="PASS">
          <reporter-output>
          </reporter-output>
        </test-method> <!-- initializeClass -->
        <test-method signature="verifySuccessfullLogin()[pri:0, instance:tests.LoginTest@77847718]" started-at="2026-05-08T16:00:06 IST" name="verifySuccessfullLogin" description="TC-LG-001: Login Valid Credentials" finished-at="2026-05-08T16:00:09 IST" duration-ms="3231" status="PASS">
          <reporter-output>
          </reporter-output>
        </test-method> <!-- verifySuccessfullLogin -->
        <test-method is-config="true" signature="tearDown()[pri:0, instance:tests.LoginTest@77847718]" started-at="2026-05-08T16:00:09 IST" name="tearDown" finished-at="2026-05-08T16:00:10 IST" duration-ms="197" status="PASS">
          <reporter-output>
          </reporter-output>
        </test-method> <!-- tearDown -->
        <test-method is-config="true" signature="initialize()[pri:0, instance:tests.LoginTest@77847718]" started-at="2026-05-08T16:00:10 IST" name="initialize" finished-at="2026-05-08T16:00:11 IST" duration-ms="1274" status="PASS">
          <reporter-output>
          </reporter-output>
        </test-method> <!-- initialize -->
        <test-method is-config="true" signature="initializeClass()[pri:0, instance:tests.LoginTest@77847718]" started-at="2026-05-08T16:00:11 IST" name="initializeClass" finished-at="2026-05-08T16:00:11 IST" duration-ms="2" status="PASS">
          <reporter-output>
          </reporter-output>
        </test-method> <!-- initializeClass -->
        <test-method signature="verifySuccessfullLogin()[pri:0, instance:tests.LoginTest@77847718]" started-at="2026-05-08T16:00:11 IST" name="verifySuccessfullLogin" description="TC-LG-001: Login Valid Credentials" finished-at="2026-05-08T16:00:14 IST" duration-ms="3371" status="PASS">
          <reporter-output>
          </reporter-output>
        </test-method> <!-- verifySuccessfullLogin -->
        <test-method is-config="true" signature="tearDown()[pri:0, instance:tests.LoginTest@77847718]" started-at="2026-05-08T16:00:14 IST" name="tearDown" finished-at="2026-05-08T16:00:15 IST" duration-ms="161" status="PASS">
          <reporter-output>
          </reporter-output>
        </test-method> <!-- tearDown -->
        <test-method is-config="true" signature="initialize()[pri:0, instance:tests.LoginTest@77847718]" started-at="2026-05-08T16:00:15 IST" name="initialize" finished-at="2026-05-08T16:00:16 IST" duration-ms="1222" status="PASS">
          <reporter-output>
          </reporter-output>
        </test-method> <!-- initialize -->
        <test-method is-config="true" signature="initializeClass()[pri:0, instance:tests.LoginTest@77847718]" started-at="2026-05-08T16:00:16 IST" name="initializeClass" finished-at="2026-05-08T16:00:16 IST" duration-ms="1" status="PASS">
          <reporter-output>
          </reporter-output>
        </test-method> <!-- initializeClass -->
        <test-method signature="verifySuccessfullLogin()[pri:0, instance:tests.LoginTest@77847718]" started-at="2026-05-08T16:00:16 IST" name="verifySuccessfullLogin" description="TC-LG-001: Login Valid Credentials" finished-at="2026-05-08T16:00:19 IST" duration-ms="3197" status="PASS">
          <reporter-output>
          </reporter-output>
        </test-method> <!-- verifySuccessfullLogin -->
        <test-method is-config="true" signature="tearDown()[pri:0, instance:tests.LoginTest@77847718]" started-at="2026-05-08T16:00:19 IST" name="tearDown" finished-at="2026-05-08T16:00:19 IST" duration-ms="182" status="PASS">
          <reporter-output>
          </reporter-output>
        </test-method> <!-- tearDown -->
        <test-method is-config="true" signature="initialize()[pri:0, instance:tests.LoginTest@77847718]" started-at="2026-05-08T16:00:19 IST" name="initialize" finished-at="2026-05-08T16:00:20 IST" duration-ms="1225" status="PASS">
          <reporter-output>
          </reporter-output>
        </test-method> <!-- initialize -->
        <test-method is-config="true" signature="initializeClass()[pri:0, instance:tests.LoginTest@77847718]" started-at="2026-05-08T16:00:20 IST" name="initializeClass" finished-at="2026-05-08T16:00:20 IST" duration-ms="2" status="PASS">
          <reporter-output>
          </reporter-output>
        </test-method> <!-- initializeClass -->
        <test-method signature="verifySuccessfullLogin()[pri:0, instance:tests.LoginTest@77847718]" started-at="2026-05-08T16:00:20 IST" name="verifySuccessfullLogin" description="TC-LG-001: Login Valid Credentials" finished-at="2026-05-08T16:00:23 IST" duration-ms="3160" status="PASS">
          <reporter-output>
          </reporter-output>
        </test-method> <!-- verifySuccessfullLogin -->
        <test-method is-config="true" signature="tearDown()[pri:0, instance:tests.LoginTest@77847718]" started-at="2026-05-08T16:00:24 IST" name="tearDown" finished-at="2026-05-08T16:00:24 IST" duration-ms="183" status="PASS">
          <reporter-output>
          </reporter-output>
        </test-method> <!-- tearDown -->
        <test-method is-config="true" signature="initialize()[pri:0, instance:tests.LoginTest@77847718]" started-at="2026-05-08T16:00:24 IST" name="initialize" finished-at="2026-05-08T16:00:25 IST" duration-ms="1241" status="PASS">
          <reporter-output>
          </reporter-output>
        </test-method> <!-- initialize -->
        <test-method is-config="true" signature="initializeClass()[pri:0, instance:tests.LoginTest@77847718]" started-at="2026-05-08T16:00:25 IST" name="initializeClass" finished-at="2026-05-08T16:00:25 IST" duration-ms="1" status="PASS">
          <reporter-output>
          </reporter-output>
        </test-method> <!-- initializeClass -->
        <test-method signature="verifySuccessfullLogin()[pri:0, instance:tests.LoginTest@77847718]" started-at="2026-05-08T16:00:25 IST" name="verifySuccessfullLogin" description="TC-LG-001: Login Valid Credentials" finished-at="2026-05-08T16:00:28 IST" duration-ms="3101" status="PASS">
          <reporter-output>
          </reporter-output>
        </test-method> <!-- verifySuccessfullLogin -->
        <test-method is-config="true" signature="tearDown()[pri:0, instance:tests.LoginTest@77847718]" started-at="2026-05-08T16:00:28 IST" name="tearDown" finished-at="2026-05-08T16:00:28 IST" duration-ms="156" status="PASS">
          <reporter-output>
          </reporter-output>
        </test-method> <!-- tearDown -->
        <test-method is-config="true" signature="initialize()[pri:0, instance:tests.LoginTest@77847718]" started-at="2026-05-08T16:00:28 IST" name="initialize" finished-at="2026-05-08T16:00:29 IST" duration-ms="1220" status="PASS">
          <reporter-output>
          </reporter-output>
        </test-method> <!-- initialize -->
        <test-method is-config="true" signature="initializeClass()[pri:0, instance:tests.LoginTest@77847718]" started-at="2026-05-08T16:00:29 IST" name="initializeClass" finished-at="2026-05-08T16:00:29 IST" duration-ms="1" status="PASS">
          <reporter-output>
          </reporter-output>
        </test-method> <!-- initializeClass -->
        <test-method signature="verifySuccessfullLogin()[pri:0, instance:tests.LoginTest@77847718]" started-at="2026-05-08T16:00:29 IST" name="verifySuccessfullLogin" description="TC-LG-001: Login Valid Credentials" finished-at="2026-05-08T16:00:33 IST" duration-ms="3117" status="PASS">
          <reporter-output>
          </reporter-output>
        </test-method> <!-- verifySuccessfullLogin -->
        <test-method is-config="true" signature="tearDown()[pri:0, instance:tests.LoginTest@77847718]" started-at="2026-05-08T16:00:33 IST" name="tearDown" finished-at="2026-05-08T16:00:33 IST" duration-ms="168" status="PASS">
          <reporter-output>
          </reporter-output>
        </test-method> <!-- tearDown -->
        <test-method is-config="true" signature="initialize()[pri:0, instance:tests.LoginTest@77847718]" started-at="2026-05-08T16:00:33 IST" name="initialize" finished-at="2026-05-08T16:00:34 IST" duration-ms="1200" status="PASS">
          <reporter-output>
          </reporter-output>
        </test-method> <!-- initialize -->
        <test-method is-config="true" signature="initializeClass()[pri:0, instance:tests.LoginTest@77847718]" started-at="2026-05-08T16:00:34 IST" name="initializeClass" finished-at="2026-05-08T16:00:34 IST" duration-ms="1" status="PASS">
          <reporter-output>
          </reporter-output>
        </test-method> <!-- initializeClass -->
        <test-method signature="verifySuccessfullLogin()[pri:0, instance:tests.LoginTest@77847718]" started-at="2026-05-08T16:00:34 IST" name="verifySuccessfullLogin" description="TC-LG-001: Login Valid Credentials" finished-at="2026-05-08T16:00:37 IST" duration-ms="3136" status="PASS">
          <reporter-output>
          </reporter-output>
        </test-method> <!-- verifySuccessfullLogin -->
        <test-method is-config="true" signature="tearDown()[pri:0, instance:tests.LoginTest@77847718]" started-at="2026-05-08T16:00:37 IST" name="tearDown" finished-at="2026-05-08T16:00:37 IST" duration-ms="165" status="PASS">
          <reporter-output>
          </reporter-output>
        </test-method> <!-- tearDown -->
        <test-method is-config="true" signature="initialize()[pri:0, instance:tests.LoginTest@77847718]" started-at="2026-05-08T16:00:37 IST" name="initialize" finished-at="2026-05-08T16:00:38 IST" duration-ms="1206" status="PASS">
          <reporter-output>
          </reporter-output>
        </test-method> <!-- initialize -->
        <test-method is-config="true" signature="initializeClass()[pri:0, instance:tests.LoginTest@77847718]" started-at="2026-05-08T16:00:38 IST" name="initializeClass" finished-at="2026-05-08T16:00:38 IST" duration-ms="1" status="PASS">
          <reporter-output>
          </reporter-output>
        </test-method> <!-- initializeClass -->
        <test-method signature="verifySuccessfullLogin()[pri:0, instance:tests.LoginTest@77847718]" started-at="2026-05-08T16:00:38 IST" name="verifySuccessfullLogin" description="TC-LG-001: Login Valid Credentials" finished-at="2026-05-08T16:00:42 IST" duration-ms="3269" status="PASS">
          <reporter-output>
          </reporter-output>
        </test-method> <!-- verifySuccessfullLogin -->
        <test-method is-config="true" signature="tearDown()[pri:0, instance:tests.LoginTest@77847718]" started-at="2026-05-08T16:00:42 IST" name="tearDown" finished-at="2026-05-08T16:00:42 IST" duration-ms="197" status="PASS">
          <reporter-output>
          </reporter-output>
        </test-method> <!-- tearDown -->
        <test-method is-config="true" signature="initialize()[pri:0, instance:tests.LoginTest@77847718]" started-at="2026-05-08T16:00:42 IST" name="initialize" finished-at="2026-05-08T16:00:43 IST" duration-ms="1249" status="PASS">
          <reporter-output>
          </reporter-output>
        </test-method> <!-- initialize -->
        <test-method is-config="true" signature="initializeClass()[pri:0, instance:tests.LoginTest@77847718]" started-at="2026-05-08T16:00:43 IST" name="initializeClass" finished-at="2026-05-08T16:00:43 IST" duration-ms="6" status="PASS">
          <reporter-output>
          </reporter-output>
        </test-method> <!-- initializeClass -->
        <test-method signature="verifySuccessfullLogin()[pri:0, instance:tests.LoginTest@77847718]" started-at="2026-05-08T16:00:43 IST" name="verifySuccessfullLogin" description="TC-LG-001: Login Valid Credentials" finished-at="2026-05-08T16:00:46 IST" duration-ms="3084" status="PASS">
          <reporter-output>
          </reporter-output>
        </test-method> <!-- verifySuccessfullLogin -->
        <test-method is-config="true" signature="tearDown()[pri:0, instance:tests.LoginTest@77847718]" started-at="2026-05-08T16:00:46 IST" name="tearDown" finished-at="2026-05-08T16:00:46 IST" duration-ms="149" status="PASS">
          <reporter-output>
          </reporter-output>
        </test-method> <!-- tearDown -->
      </class> <!-- tests.LoginTest -->
    </test> <!-- Default test -->
  </suite> <!-- Default suite -->
</testng-results>
