<?xml version="1.0" encoding="UTF-8"?>
<!-- Generated by org.testng.reporters.JUnitReportReporter -->
<testsuite hostname="LAPTOP-I0FL3MSP" failures="0" tests="10" name="tests.LoginTest" time="45.032" errors="0" timestamp="2026-05-08T16:23:08 IST" skipped="0">
  <testcase classname="tests.LoginTest" name="verifyInvalidlLogin" time="4.903"/>
  <testcase classname="tests.LoginTest" name="verifyInvalidlLogin" time="4.268"/>
  <testcase classname="tests.LoginTest" name="verifyInvalidlLogin" time="4.310"/>
  <testcase classname="tests.LoginTest" name="verifyInvalidlLogin" time="4.318"/>
  <testcase classname="tests.LoginTest" name="verifyInvalidlLogin" time="5.106"/>
  <testcase classname="tests.LoginTest" name="verifyInvalidlLogin" time="4.520"/>
  <testcase classname="tests.LoginTest" name="verifyInvalidlLogin" time="4.356"/>
  <testcase classname="tests.LoginTest" name="verifyInvalidlLogin" time="4.417"/>
  <testcase classname="tests.LoginTest" name="verifyInvalidlLogin" time="4.376"/>
  <testcase classname="tests.LoginTest" name="verifyInvalidlLogin" time="4.458"/>
</testsuite> <!-- tests.LoginTest -->
