<?xml version="1.0" encoding="UTF-8"?>
<!-- Generated by org.testng.reporters.JUnitReportReporter -->
<testsuite hostname="LAPTOP-I0FL3MSP" failures="0" tests="10" name="tests.LoginTest" time="56.578" errors="0" timestamp="2026-05-08T16:47:12 IST" skipped="0">
  <testcase classname="tests.LoginTest" name="verifyLogoutFunctionality" time="5.952"/>
  <testcase classname="tests.LoginTest" name="verifyLogoutFunctionality" time="5.597"/>
  <testcase classname="tests.LoginTest" name="verifyLogoutFunctionality" time="5.517"/>
  <testcase classname="tests.LoginTest" name="verifyLogoutFunctionality" time="5.677"/>
  <testcase classname="tests.LoginTest" name="verifyLogoutFunctionality" time="5.410"/>
  <testcase classname="tests.LoginTest" name="verifyLogoutFunctionality" time="5.889"/>
  <testcase classname="tests.LoginTest" name="verifyLogoutFunctionality" time="5.482"/>
  <testcase classname="tests.LoginTest" name="verifyLogoutFunctionality" time="5.762"/>
  <testcase classname="tests.LoginTest" name="verifyLogoutFunctionality" time="5.522"/>
  <testcase classname="tests.LoginTest" name="verifyLogoutFunctionality" time="5.770"/>
</testsuite> <!-- tests.LoginTest -->
