<?xml version="1.0" encoding="UTF-8"?>
<!-- Generated by org.testng.reporters.JUnitReportReporter -->
<testsuite hostname="LAPTOP-I0FL3MSP" failures="0" tests="3" name="tests.RegistrationTest" time="22.537" errors="0" timestamp="2026-05-08T15:34:10 IST" skipped="0">
  <testcase classname="tests.RegistrationTest" name="verifyDuplicateEmail" time="11.074"/>
  <testcase classname="tests.RegistrationTest" name="verifySuccessfullRegistration" time="6.527"/>
  <testcase classname="tests.RegistrationTest" name="verifyEmptySubmission" time="4.936"/>
</testsuite> <!-- tests.RegistrationTest -->
